Epoch 1/1000000
2020-02-12 14:10:07.487202: I tensorflow/core/grappler/optimizers/auto_mixed_precision.cc:1767] Running auto_mixed_precision graph optimizer
2020-02-12 14:10:07.494656: I tensorflow/core/grappler/optimizers/auto_mixed_precision.cc:1723] Converted 223/1670 nodes to float16 precision using 19 cast(s) to float16 (excluding Const and Variable casts)
2020-02-12 14:10:08.172106: I tensorflow/stream_executor/platform/default/dso_loader.cc:42] Successfully opened dynamic library libcublas.so.10.0
2020-02-12 14:10:08.416992: I tensorflow/stream_executor/platform/default/dso_loader.cc:42] Successfully opened dynamic library libcudnn.so.7

  1/222 [..............................] - ETA: 12:10 - loss: 1.3051 - acc: 0.1667
  2/222 [..............................] - ETA: 6:11 - loss: 1.3380 - acc: 0.2500 
  3/222 [..............................] - ETA: 4:12 - loss: 1.3046 - acc: 0.2778
  4/222 [..............................] - ETA: 3:13 - loss: 1.3069 - acc: 0.2500
  5/222 [..............................] - ETA: 2:37 - loss: 1.3340 - acc: 0.3000
  6/222 [..............................] - ETA: 2:14 - loss: 1.3377 - acc: 0.2500
  7/222 [..............................] - ETA: 1:57 - loss: 1.3482 - acc: 0.2619
  8/222 [>.............................] - ETA: 1:45 - loss: 1.3271 - acc: 0.2708
  9/222 [>.............................] - ETA: 1:35 - loss: 1.2926 - acc: 0.2963
 10/222 [>.............................] - ETA: 1:27 - loss: 1.2870 - acc: 0.2833
 11/222 [>.............................] - ETA: 1:20 - loss: 1.3078 - acc: 0.2576
 12/222 [>.............................] - ETA: 1:15 - loss: 1.3132 - acc: 0.2639
 13/222 [>.............................] - ETA: 1:10 - loss: 1.3136 - acc: 0.2564
 14/222 [>.............................] - ETA: 1:07 - loss: 1.2987 - acc: 0.2857
 15/222 [=>............................] - ETA: 1:03 - loss: 1.2796 - acc: 0.2889
 16/222 [=>............................] - ETA: 1:00 - loss: 1.2774 - acc: 0.2917
 17/222 [=>............................] - ETA: 57s - loss: 1.2800 - acc: 0.2941 
 18/222 [=>............................] - ETA: 55s - loss: 1.2752 - acc: 0.2870
 19/222 [=>............................] - ETA: 53s - loss: 1.2703 - acc: 0.2895
 20/222 [=>............................] - ETA: 51s - loss: 1.2742 - acc: 0.2917
 21/222 [=>............................] - ETA: 49s - loss: 1.2734 - acc: 0.2857
 22/222 [=>............................] - ETA: 47s - loss: 1.2560 - acc: 0.2955
 23/222 [==>...........................] - ETA: 46s - loss: 1.2592 - acc: 0.2971
 24/222 [==>...........................] - ETA: 44s - loss: 1.2677 - acc: 0.2847
 25/222 [==>...........................] - ETA: 43s - loss: 1.2684 - acc: 0.2867
 26/222 [==>...........................] - ETA: 42s - loss: 1.2617 - acc: 0.2949
 27/222 [==>...........................] - ETA: 41s - loss: 1.2639 - acc: 0.2901
 28/222 [==>...........................] - ETA: 40s - loss: 1.2735 - acc: 0.2857
 29/222 [==>...........................] - ETA: 39s - loss: 1.2797 - acc: 0.2759
 30/222 [===>..........................] - ETA: 38s - loss: 1.2803 - acc: 0.2778
 31/222 [===>..........................] - ETA: 37s - loss: 1.2808 - acc: 0.2796
 32/222 [===>..........................] - ETA: 36s - loss: 1.2747 - acc: 0.2813
 33/222 [===>..........................] - ETA: 35s - loss: 1.2664 - acc: 0.2879
 34/222 [===>..........................] - ETA: 34s - loss: 1.2615 - acc: 0.2941
 35/222 [===>..........................] - ETA: 34s - loss: 1.2639 - acc: 0.2857
 36/222 [===>..........................] - ETA: 33s - loss: 1.2618 - acc: 0.2870
 37/222 [===>..........................] - ETA: 32s - loss: 1.2654 - acc: 0.2883
 38/222 [====>.........................] - ETA: 32s - loss: 1.2610 - acc: 0.2939
 39/222 [====>.........................] - ETA: 31s - loss: 1.2615 - acc: 0.2991
 40/222 [====>.........................] - ETA: 31s - loss: 1.2664 - acc: 0.3000
 41/222 [====>.........................] - ETA: 30s - loss: 1.2721 - acc: 0.2927
 42/222 [====>.........................] - ETA: 30s - loss: 1.2667 - acc: 0.3016
 43/222 [====>.........................] - ETA: 29s - loss: 1.2617 - acc: 0.3062
 44/222 [====>.........................] - ETA: 29s - loss: 1.2589 - acc: 0.3144
 45/222 [=====>........................] - ETA: 28s - loss: 1.2563 - acc: 0.3185
 46/222 [=====>........................] - ETA: 28s - loss: 1.2495 - acc: 0.3225
 47/222 [=====>........................] - ETA: 27s - loss: 1.2465 - acc: 0.3262
 48/222 [=====>........................] - ETA: 27s - loss: 1.2447 - acc: 0.3264
 49/222 [=====>........................] - ETA: 27s - loss: 1.2471 - acc: 0.3265
 50/222 [=====>........................] - ETA: 26s - loss: 1.2455 - acc: 0.3267
 51/222 [=====>........................] - ETA: 26s - loss: 1.2388 - acc: 0.3399
 52/222 [======>.......................] - ETA: 26s - loss: 1.2425 - acc: 0.3333
 53/222 [======>.......................] - ETA: 25s - loss: 1.2436 - acc: 0.3302
 54/222 [======>.......................] - ETA: 25s - loss: 1.2430 - acc: 0.3364
 55/222 [======>.......................] - ETA: 25s - loss: 1.2387 - acc: 0.3394
 56/222 [======>.......................] - ETA: 24s - loss: 1.2411 - acc: 0.3363
 57/222 [======>.......................] - ETA: 24s - loss: 1.2423 - acc: 0.3333
 58/222 [======>.......................] - ETA: 24s - loss: 1.2423 - acc: 0.3362
 59/222 [======>.......................] - ETA: 23s - loss: 1.2426 - acc: 0.3390
 60/222 [=======>......................] - ETA: 23s - loss: 1.2390 - acc: 0.3444
 61/222 [=======>......................] - ETA: 23s - loss: 1.2352 - acc: 0.3525
 62/222 [=======>......................] - ETA: 22s - loss: 1.2355 - acc: 0.3495
 63/222 [=======>......................] - ETA: 22s - loss: 1.2326 - acc: 0.3519
 64/222 [=======>......................] - ETA: 22s - loss: 1.2351 - acc: 0.3516
 65/222 [=======>......................] - ETA: 22s - loss: 1.2352 - acc: 0.3513
 66/222 [=======>......................] - ETA: 21s - loss: 1.2352 - acc: 0.3510
 67/222 [========>.....................] - ETA: 21s - loss: 1.2360 - acc: 0.3483
 68/222 [========>.....................] - ETA: 21s - loss: 1.2385 - acc: 0.3456
 69/222 [========>.....................] - ETA: 21s - loss: 1.2410 - acc: 0.3406
 70/222 [========>.....................] - ETA: 20s - loss: 1.2381 - acc: 0.3429
 71/222 [========>.....................] - ETA: 20s - loss: 1.2335 - acc: 0.3474
 72/222 [========>.....................] - ETA: 20s - loss: 1.2278 - acc: 0.3542
 73/222 [========>.....................] - ETA: 20s - loss: 1.2260 - acc: 0.3562
 74/222 [========>.....................] - ETA: 20s - loss: 1.2281 - acc: 0.3559
 75/222 [=========>....................] - ETA: 19s - loss: 1.2279 - acc: 0.3578
 76/222 [=========>....................] - ETA: 19s - loss: 1.2274 - acc: 0.3575
 77/222 [=========>....................] - ETA: 19s - loss: 1.2280 - acc: 0.3571
 78/222 [=========>....................] - ETA: 19s - loss: 1.2278 - acc: 0.3547
 79/222 [=========>....................] - ETA: 19s - loss: 1.2280 - acc: 0.3523
 80/222 [=========>....................] - ETA: 18s - loss: 1.2285 - acc: 0.3500
 81/222 [=========>....................] - ETA: 18s - loss: 1.2265 - acc: 0.3519
 82/222 [==========>...................] - ETA: 18s - loss: 1.2269 - acc: 0.3496
 83/222 [==========>...................] - ETA: 18s - loss: 1.2322 - acc: 0.3474
 84/222 [==========>...................] - ETA: 18s - loss: 1.2326 - acc: 0.3472
 85/222 [==========>...................] - ETA: 17s - loss: 1.2293 - acc: 0.3510
 86/222 [==========>...................] - ETA: 17s - loss: 1.2284 - acc: 0.3488
 87/222 [==========>...................] - ETA: 17s - loss: 1.2282 - acc: 0.3487
 88/222 [==========>...................] - ETA: 17s - loss: 1.2279 - acc: 0.3466
 89/222 [==========>...................] - ETA: 17s - loss: 1.2247 - acc: 0.3502
 90/222 [===========>..................] - ETA: 17s - loss: 1.2247 - acc: 0.3500
 91/222 [===========>..................] - ETA: 16s - loss: 1.2218 - acc: 0.3535
 92/222 [===========>..................] - ETA: 16s - loss: 1.2186 - acc: 0.3569
 93/222 [===========>..................] - ETA: 16s - loss: 1.2188 - acc: 0.3584
 94/222 [===========>..................] - ETA: 16s - loss: 1.2181 - acc: 0.3564
 95/222 [===========>..................] - ETA: 16s - loss: 1.2158 - acc: 0.3596
 96/222 [===========>..................] - ETA: 16s - loss: 1.2126 - acc: 0.3646
 97/222 [============>.................] - ETA: 15s - loss: 1.2095 - acc: 0.3677
 98/222 [============>.................] - ETA: 15s - loss: 1.2099 - acc: 0.3690
 99/222 [============>.................] - ETA: 15s - loss: 1.2065 - acc: 0.3721
100/222 [============>.................] - ETA: 15s - loss: 1.2041 - acc: 0.3750
101/222 [============>.................] - ETA: 15s - loss: 1.2023 - acc: 0.3779
102/222 [============>.................] - ETA: 15s - loss: 1.2041 - acc: 0.3758
103/222 [============>.................] - ETA: 14s - loss: 1.2058 - acc: 0.3738
104/222 [=============>................] - ETA: 14s - loss: 1.2079 - acc: 0.3718
105/222 [=============>................] - ETA: 14s - loss: 1.2059 - acc: 0.3746
106/222 [=============>................] - ETA: 14s - loss: 1.2064 - acc: 0.3742
107/222 [=============>................] - ETA: 14s - loss: 1.2070 - acc: 0.3754
108/222 [=============>................] - ETA: 14s - loss: 1.2055 - acc: 0.3765
109/222 [=============>................] - ETA: 13s - loss: 1.2035 - acc: 0.3807
110/222 [=============>................] - ETA: 13s - loss: 1.2036 - acc: 0.3818
111/222 [=============>................] - ETA: 13s - loss: 1.2017 - acc: 0.3829
112/222 [==============>...............] - ETA: 13s - loss: 1.2005 - acc: 0.3839
113/222 [==============>...............] - ETA: 13s - loss: 1.1990 - acc: 0.3879
114/222 [==============>...............] - ETA: 13s - loss: 1.1982 - acc: 0.3874
115/222 [==============>...............] - ETA: 12s - loss: 1.1974 - acc: 0.3855
116/222 [==============>...............] - ETA: 12s - loss: 1.1997 - acc: 0.3836
117/222 [==============>...............] - ETA: 12s - loss: 1.1990 - acc: 0.3832
118/222 [==============>...............] - ETA: 12s - loss: 1.1967 - acc: 0.3842
119/222 [===============>..............] - ETA: 12s - loss: 1.1970 - acc: 0.3838
120/222 [===============>..............] - ETA: 12s - loss: 1.1958 - acc: 0.3861
121/222 [===============>..............] - ETA: 12s - loss: 1.1958 - acc: 0.3843
122/222 [===============>..............] - ETA: 11s - loss: 1.1948 - acc: 0.3866
123/222 [===============>..............] - ETA: 11s - loss: 1.1966 - acc: 0.3848
124/222 [===============>..............] - ETA: 11s - loss: 1.1972 - acc: 0.3844
125/222 [===============>..............] - ETA: 11s - loss: 1.1977 - acc: 0.3840
126/222 [===============>..............] - ETA: 11s - loss: 1.1980 - acc: 0.3836
127/222 [================>.............] - ETA: 11s - loss: 1.1987 - acc: 0.3832
128/222 [================>.............] - ETA: 11s - loss: 1.1988 - acc: 0.3828
129/222 [================>.............] - ETA: 10s - loss: 1.1982 - acc: 0.3837
130/222 [================>.............] - ETA: 10s - loss: 1.1989 - acc: 0.3821
131/222 [================>.............] - ETA: 10s - loss: 1.1974 - acc: 0.3830
132/222 [================>.............] - ETA: 10s - loss: 1.1994 - acc: 0.3813
133/222 [================>.............] - ETA: 10s - loss: 1.1980 - acc: 0.3810
134/222 [=================>............] - ETA: 10s - loss: 1.1962 - acc: 0.3818
135/222 [=================>............] - ETA: 10s - loss: 1.1954 - acc: 0.3827
136/222 [=================>............] - ETA: 10s - loss: 1.1964 - acc: 0.3811
137/222 [=================>............] - ETA: 9s - loss: 1.1960 - acc: 0.3820 
138/222 [=================>............] - ETA: 9s - loss: 1.1962 - acc: 0.3804
139/222 [=================>............] - ETA: 9s - loss: 1.1975 - acc: 0.3813
140/222 [=================>............] - ETA: 9s - loss: 1.1966 - acc: 0.3798
141/222 [=================>............] - ETA: 9s - loss: 1.1945 - acc: 0.3830
142/222 [==================>...........] - ETA: 9s - loss: 1.1940 - acc: 0.3838
143/222 [==================>...........] - ETA: 9s - loss: 1.1930 - acc: 0.3846
144/222 [==================>...........] - ETA: 8s - loss: 1.1929 - acc: 0.3843
145/222 [==================>...........] - ETA: 8s - loss: 1.1935 - acc: 0.3828
146/222 [==================>...........] - ETA: 8s - loss: 1.1930 - acc: 0.3836
147/222 [==================>...........] - ETA: 8s - loss: 1.1927 - acc: 0.3832
148/222 [==================>...........] - ETA: 8s - loss: 1.1929 - acc: 0.3829
149/222 [===================>..........] - ETA: 8s - loss: 1.1938 - acc: 0.3814
150/222 [===================>..........] - ETA: 8s - loss: 1.1938 - acc: 0.3811
151/222 [===================>..........] - ETA: 8s - loss: 1.1922 - acc: 0.3830
152/222 [===================>..........] - ETA: 7s - loss: 1.1911 - acc: 0.3849
153/222 [===================>..........] - ETA: 7s - loss: 1.1911 - acc: 0.3867
154/222 [===================>..........] - ETA: 7s - loss: 1.1911 - acc: 0.3874
155/222 [===================>..........] - ETA: 7s - loss: 1.1914 - acc: 0.3871
156/222 [====================>.........] - ETA: 7s - loss: 1.1934 - acc: 0.3857
157/222 [====================>.........] - ETA: 7s - loss: 1.1914 - acc: 0.3875
158/222 [====================>.........] - ETA: 7s - loss: 1.1908 - acc: 0.3882
159/222 [====================>.........] - ETA: 7s - loss: 1.1913 - acc: 0.3868
160/222 [====================>.........] - ETA: 6s - loss: 1.1908 - acc: 0.3865
161/222 [====================>.........] - ETA: 6s - loss: 1.1911 - acc: 0.3861
162/222 [====================>.........] - ETA: 6s - loss: 1.1896 - acc: 0.3868
163/222 [====================>.........] - ETA: 6s - loss: 1.1902 - acc: 0.3855
164/222 [=====================>........] - ETA: 6s - loss: 1.1908 - acc: 0.3862
165/222 [=====================>........] - ETA: 6s - loss: 1.1922 - acc: 0.3848
166/222 [=====================>........] - ETA: 6s - loss: 1.1925 - acc: 0.3855
167/222 [=====================>........] - ETA: 6s - loss: 1.1921 - acc: 0.3852
168/222 [=====================>........] - ETA: 6s - loss: 1.1933 - acc: 0.3829
169/222 [=====================>........] - ETA: 5s - loss: 1.1930 - acc: 0.3846
170/222 [=====================>........] - ETA: 5s - loss: 1.1927 - acc: 0.3843
171/222 [======================>.......] - ETA: 5s - loss: 1.1923 - acc: 0.3850
172/222 [======================>.......] - ETA: 5s - loss: 1.1920 - acc: 0.3857
173/222 [======================>.......] - ETA: 5s - loss: 1.1909 - acc: 0.3863
174/222 [======================>.......] - ETA: 5s - loss: 1.1908 - acc: 0.3860
175/222 [======================>.......] - ETA: 5s - loss: 1.1894 - acc: 0.3857
176/222 [======================>.......] - ETA: 5s - loss: 1.1903 - acc: 0.3845
177/222 [======================>.......] - ETA: 5s - loss: 1.1887 - acc: 0.3870
178/222 [======================>.......] - ETA: 4s - loss: 1.1883 - acc: 0.3867
179/222 [=======================>......] - ETA: 4s - loss: 1.1890 - acc: 0.3864
180/222 [=======================>......] - ETA: 4s - loss: 1.1895 - acc: 0.3861
181/222 [=======================>......] - ETA: 4s - loss: 1.1892 - acc: 0.3858
182/222 [=======================>......] - ETA: 4s - loss: 1.1889 - acc: 0.3855
183/222 [=======================>......] - ETA: 4s - loss: 1.1896 - acc: 0.3852
184/222 [=======================>......] - ETA: 4s - loss: 1.1893 - acc: 0.3859
185/222 [=======================>......] - ETA: 4s - loss: 1.1890 - acc: 0.3856
186/222 [========================>.....] - ETA: 3s - loss: 1.1883 - acc: 0.3862
187/222 [========================>.....] - ETA: 3s - loss: 1.1869 - acc: 0.3877
188/222 [========================>.....] - ETA: 3s - loss: 1.1869 - acc: 0.3865
189/222 [========================>.....] - ETA: 3s - loss: 1.1852 - acc: 0.3889
190/222 [========================>.....] - ETA: 3s - loss: 1.1847 - acc: 0.3895
191/222 [========================>.....] - ETA: 3s - loss: 1.1877 - acc: 0.3874
192/222 [========================>.....] - ETA: 3s - loss: 1.1860 - acc: 0.3880
193/222 [========================>.....] - ETA: 3s - loss: 1.1869 - acc: 0.3877
194/222 [=========================>....] - ETA: 3s - loss: 1.1863 - acc: 0.3875
195/222 [=========================>....] - ETA: 3s - loss: 1.1857 - acc: 0.3872
196/222 [=========================>....] - ETA: 2s - loss: 1.1854 - acc: 0.3878
197/222 [=========================>....] - ETA: 2s - loss: 1.1870 - acc: 0.3858
198/222 [=========================>....] - ETA: 2s - loss: 1.1892 - acc: 0.3838
199/222 [=========================>....] - ETA: 2s - loss: 1.1889 - acc: 0.3844
200/222 [=========================>....] - ETA: 2s - loss: 1.1882 - acc: 0.3850
201/222 [==========================>...] - ETA: 2s - loss: 1.1876 - acc: 0.3856
202/222 [==========================>...] - ETA: 2s - loss: 1.1882 - acc: 0.3845
203/222 [==========================>...] - ETA: 2s - loss: 1.1870 - acc: 0.3859
204/222 [==========================>...] - ETA: 2s - loss: 1.1867 - acc: 0.3856
205/222 [==========================>...] - ETA: 1s - loss: 1.1861 - acc: 0.3862
206/222 [==========================>...] - ETA: 1s - loss: 1.1854 - acc: 0.3875
207/222 [==========================>...] - ETA: 1s - loss: 1.1847 - acc: 0.3881
208/222 [===========================>..] - ETA: 1s - loss: 1.1843 - acc: 0.3878
209/222 [===========================>..] - ETA: 1s - loss: 1.1838 - acc: 0.3884
210/222 [===========================>..] - ETA: 1s - loss: 1.1833 - acc: 0.3881
211/222 [===========================>..] - ETA: 1s - loss: 1.1824 - acc: 0.3886
212/222 [===========================>..] - ETA: 1s - loss: 1.1835 - acc: 0.3876
213/222 [===========================>..] - ETA: 1s - loss: 1.1847 - acc: 0.3865
214/222 [===========================>..] - ETA: 0s - loss: 1.1838 - acc: 0.3879
215/222 [===========================>..] - ETA: 0s - loss: 1.1830 - acc: 0.3884
216/222 [============================>.] - ETA: 0s - loss: 1.1823 - acc: 0.3889
217/222 [============================>.] - ETA: 0s - loss: 1.1824 - acc: 0.3894
218/222 [============================>.] - ETA: 0s - loss: 1.1823 - acc: 0.3891
219/222 [============================>.] - ETA: 0s - loss: 1.1814 - acc: 0.3904
220/222 [============================>.] - ETA: 0s - loss: 1.1817 - acc: 0.3902
221/222 [============================>.] - ETA: 0s - loss: 1.1810 - acc: 0.3906
222/222 [============================>.] - ETA: 0s - loss: 1.1815 - acc: 0.38892020-02-12 14:10:30.437699: I tensorflow/core/grappler/optimizers/auto_mixed_precision.cc:1767] Running auto_mixed_precision graph optimizer
2020-02-12 14:10:30.439410: I tensorflow/core/grappler/optimizers/auto_mixed_precision.cc:1723] Converted 123/359 nodes to float16 precision using 8 cast(s) to float16 (excluding Const and Variable casts)
Traceback (most recent call last):
  File "/home/ubuntu/jili/ai_project/video_to_seq_rnn/train.py", line 60, in <module>
    main()
  File "/home/ubuntu/jili/ai_project/video_to_seq_rnn/train.py", line 57, in main
    train(settings.BATCH_SIZE,settings.NB_EPOCH,saved_model)
  File "/home/ubuntu/jili/ai_project/video_to_seq_rnn/train.py", line 52, in train
    workers=4)
  File "/home/ubuntu/.local/lib/python3.6/site-packages/keras/legacy/interfaces.py", line 91, in wrapper
    return func(*args, **kwargs)
  File "/home/ubuntu/.local/lib/python3.6/site-packages/keras/engine/training.py", line 1658, in fit_generator
    initial_epoch=initial_epoch)
  File "/home/ubuntu/.local/lib/python3.6/site-packages/keras/engine/training_generator.py", line 237, in fit_generator
    workers=0)
  File "/home/ubuntu/.local/lib/python3.6/site-packages/keras/legacy/interfaces.py", line 91, in wrapper
    return func(*args, **kwargs)
  File "/home/ubuntu/.local/lib/python3.6/site-packages/keras/engine/training.py", line 1717, in evaluate_generator
    verbose=verbose)
  File "/home/ubuntu/.local/lib/python3.6/site-packages/keras/engine/training_generator.py", line 385, in evaluate_generator
    outs = model.test_on_batch(x, y, sample_weight=sample_weight)
  File "/home/ubuntu/.local/lib/python3.6/site-packages/keras/engine/training.py", line 1488, in test_on_batch
    outputs = self.test_function(ins)
  File "/home/ubuntu/.local/lib/python3.6/site-packages/keras/backend/tensorflow_backend.py", line 2979, in __call__
    return self._call(inputs)
  File "/home/ubuntu/.local/lib/python3.6/site-packages/keras/backend/tensorflow_backend.py", line 2937, in _call
    fetched = self._callable_fn(*array_vals)
  File "/home/ubuntu/.local/lib/python3.6/site-packages/tensorflow/python/client/session.py", line 1458, in __call__
    run_metadata_ptr)
tensorflow.python.framework.errors_impl.InvalidArgumentError: 2 root error(s) found.
  (0) Invalid argument: TensorArray dtype is float but Op is trying to write dtype half.
	 [[{{node lstm_1/TensorArrayUnstack/TensorArrayScatter/TensorArrayScatterV3}}]]
	 [[loss/add_2/_151]]
  (1) Invalid argument: TensorArray dtype is float but Op is trying to write dtype half.
	 [[{{node lstm_1/TensorArrayUnstack/TensorArrayScatter/TensorArrayScatterV3}}]]
0 successful operations.
0 derived errors ignored.

